Arguments: 
  /data/data/com.termux/files/usr/bin/node /data/data/com.termux/files/usr/share/yarn/bin/yarn.js add mysql2 --save

PATH: 
  /data/data/com.termux/files/usr/bin

Yarn version: 
  1.22.19

Node version: 
  18.4.0

Platform: 
  android arm64

Trace: 
  Error: EPERM: operation not permitted, symlink '../../../semver/bin/semver.js' -> '/storage/emulated/0/Android/data/io.spck.editor.node/files/testes/node_modules/sequelize/node_modules/.bin/semver'

npm manifest: 
  {
    "name": "nomr",
    "version": "1.0.0",
    "description": "Top em",
    "main": "informacoes.js",
    "dependencies": {
      "dottie": "^2.0.2",
      "generate-function": "^2.3.1",
      "inflection": "^1.13.2",
      "debug": "^4.3.4",
      "iconv-lite": "^0.6.3",
      "is-property": "^1.0.2",
      "lru-cache": "^6.0.0",
      "moment": "^2.29.4",
      "mysql2": "^2.3.3",
      "moment-timezone": "^0.5.34",
      "lodash": "^4.17.21",
      "ms": "^2.1.2",
      "pseudomap": "^1.0.2",
      "named-placeholders": "^1.1.2",
      "safer-buffer": "^2.1.2",
      "retry-as-promised": "^5.0.0",
      "seq-queue": "^0.0.5",
      "pg-connection-string": "^2.5.0",
      "sequelize": "^6.21.3",
      "semver": "^7.3.7",
      "sqlstring": "^2.3.3",
      "uuid": "^8.3.2",
      "sequelize-pool": "^7.1.0",
      "toposort-class": "^1.0.1",
      "denque": "^2.0.1",
      "yallist": "^4.0.0",
      "wkx": "^0.5.0",
      "long": "^4.0.0",
      "validator": "^13.7.0"
    },
    "devDependencies": {},
    "scripts": {
      "test": "ok"
    },
    "repository": {
      "type": "git",
      "url": "git+https://github.com/Ghost747k/testes.git"
    },
    "keywords": [
      "123456"
    ],
    "author": "gustavo",
    "license": "ISC",
    "bugs": {
      "url": "https://github.com/Ghost747k/testes/issues"
    },
    "homepage": "https://github.com/Ghost747k/testes#readme"
  }

yarn manifest: 
  No manifest

Lockfile: 
  No lockfile
